Arguments: 
  /usr/bin/node /usr/share/yarn/bin/yarn.js add bablify

PATH: 
  /usr/local/sbin:/usr/local/bin:/usr/sbin:/usr/bin:/sbin:/bin:/snap/bin

Yarn version: 
  1.22.4

Node version: 
  10.19.0

Platform: 
  linux x64

Trace: 
  Error: https://registry.yarnpkg.com/bablify: Not found
      at Request.params.callback [as _callback] (/usr/share/yarn/lib/cli.js:66987:18)
      at Request.self.callback (/usr/share/yarn/lib/cli.js:140748:22)
      at Request.emit (events.js:198:13)
      at Request.<anonymous> (/usr/share/yarn/lib/cli.js:141720:10)
      at Request.emit (events.js:198:13)
      at IncomingMessage.<anonymous> (/usr/share/yarn/lib/cli.js:141642:12)
      at Object.onceWrapper (events.js:286:20)
      at IncomingMessage.emit (events.js:203:15)
      at endReadableNT (_stream_readable.js:1145:12)
      at process._tickCallback (internal/process/next_tick.js:63:19)

npm manifest: 
  {
    "dependencies": {
      "puppeteer-web": "^0.0.3"
    },
    "devDependencies": {
      "babel-core": "^6.26.3",
      "babelify": "^10.0.0"
    }
  }

yarn manifest: 
  No manifest

Lockfile: 
  # THIS IS AN AUTOGENERATED FILE. DO NOT EDIT THIS FILE DIRECTLY.
  # yarn lockfile v1
  
  
  puppeteer-web@^0.0.3:
    version "0.0.3"
    resolved "https://registry.yarnpkg.com/puppeteer-web/-/puppeteer-web-0.0.3.tgz#8957f8f3372d17594d372154deb280e4a133eb87"
    integrity sha512-TlPVW+g2ca5VfY18fO0AH/NGKkh8Frmg75ckzeS5AoLtbF63MYcEYk+ZSbOVA9FGarVFFsbIiZ3W3v6VdIkIyQ==
